<?xml version="1.0" encoding="UTF-8"?>
<!-- Generated by org.testng.reporters.JUnitReportReporter -->
<testsuite hostname="DESKTOP-GO527L2" failures="0" tests="1" name="CoolTesters.Selenium.AppTest" time="0.046" errors="0" timestamp="2020-09-12T08:56:15 CDT" skipped="0">
  <testcase classname="CoolTesters.Selenium.AppTest" name="shouldAnswerWithTrue" time="0.046"/>
  <system-out/>
</testsuite> <!-- CoolTesters.Selenium.AppTest -->
